11-18 00:39:40 com_github_MitjaNemec_PlaceFootprints.action_place_footprints 378:Plugin executed on: 'win32'
11-18 00:39:40 com_github_MitjaNemec_PlaceFootprints.action_place_footprints 379:Plugin executed with python version: '3.9.14 (main, Sep 19 2022, 05:11:57) [MSC v.1932 64 bit (AMD64)]'
11-18 00:39:40 com_github_MitjaNemec_PlaceFootprints.action_place_footprints 380:KiCad build version: (6.0.8)
11-18 00:39:40 com_github_MitjaNemec_PlaceFootprints.action_place_footprints 381:Plugin version: 1.2.3
11-18 00:39:40 com_github_MitjaNemec_PlaceFootprints.action_place_footprints 382:Frame repr: <wx._core.Frame object at 0x0000013A2B160940>
11-18 00:39:43 root 1198:Font "UbuntuMono-R" does not natively support style "Regular" using "Path" instead
11-18 00:39:43 unfiltered 871:Found SVG layer: F.SilkS
11-18 00:39:43 root 928:  Writing Text with 39 points
11-18 00:39:43 root 928:  Writing Text with 39 points
11-18 00:39:43 root 928:  Writing Text with 39 points
11-18 00:39:43 root 928:  Writing Text with 23 points
11-18 00:39:43 root 928:  Writing Text with 42 points
11-18 00:39:43 root 928:  Writing Text with 26 points
11-18 00:39:43 root 928:  Writing Text with 13 points
11-18 00:39:43 root 928:  Writing Text with 51 points
11-18 00:39:43 root 928:  Writing Text with 51 points
11-18 00:39:43 root 928:  Writing Text with 45 points
11-18 00:39:43 root 928:  Writing Text with 35 points
11-18 00:39:43 root 928:  Writing Text with 20 points
11-18 00:39:43 root 928:  Writing Text with 20 points
11-18 00:39:43 root 928:  Writing Text with 45 points
11-18 00:39:43 root 928:  Writing Text with 41 points
11-18 00:39:43 root 928:  Writing Text with 22 points
11-18 00:39:43 root 928:  Writing Text with 14 points
11-18 00:39:43 root 928:  Writing Text with 9 points
11-18 00:39:43 root 928:  Writing Text with 9 points
11-18 00:39:46 root 1198:Font "Zeyada" does not natively support style "Regular" using "Path" instead
11-18 00:39:46 unfiltered 871:Found SVG layer: F.SilkS
11-18 00:39:46 root 928:  Writing Text with 123 points
11-18 00:39:46 root 928:  Writing Text with 124 points
11-18 00:39:46 root 928:  Writing Text with 88 points
11-18 00:39:46 root 928:  Writing Text with 77 points
11-18 00:39:46 root 928:  Writing Text with 63 points
11-18 00:39:46 root 928:  Writing Text with 63 points
11-18 00:39:46 root 928:  Writing Text with 102 points
11-18 00:39:46 root 928:  Writing Text with 73 points
11-18 00:39:46 root 928:  Writing Text with 58 points
11-18 00:39:46 root 928:  Writing Text with 57 points
11-18 00:39:46 root 928:  Writing Text with 41 points
11-18 00:39:46 root 928:  Writing Text with 57 points
11-18 00:39:46 root 928:  Writing Text with 44 points
11-18 00:39:46 root 928:  Writing Text with 44 points
11-18 00:39:46 root 928:  Writing Text with 36 points
11-18 00:39:46 root 928:  Writing Text with 50 points
11-18 00:39:46 root 928:  Writing Text with 50 points
11-18 00:39:46 root 928:  Writing Text with 9 points
11-18 00:39:46 root 928:  Writing Text with 9 points
11-18 00:39:48 root 1198:Font "SonoVariable" does not natively support style "Regular" using "Path" instead
11-18 00:39:48 unfiltered 871:Found SVG layer: F.SilkS
11-18 00:39:48 root 928:  Writing Text with 48 points
11-18 00:39:48 root 928:  Writing Text with 11 points
11-18 00:39:48 root 928:  Writing Text with 11 points
11-18 00:39:48 root 928:  Writing Text with 11 points
11-18 00:39:48 root 928:  Writing Text with 11 points
11-18 00:39:48 root 928:  Writing Text with 27 points
11-18 00:39:48 root 928:  Writing Text with 25 points
11-18 00:39:48 root 928:  Writing Text with 53 points
11-18 00:39:48 root 928:  Writing Text with 51 points
11-18 00:39:48 root 928:  Writing Text with 51 points
11-18 00:39:48 root 928:  Writing Text with 56 points
11-18 00:39:48 root 928:  Writing Text with 56 points
11-18 00:39:48 root 928:  Writing Text with 56 points
11-18 00:39:48 root 928:  Writing Text with 56 points
11-18 00:39:48 root 928:  Writing Text with 57 points
11-18 00:39:48 root 928:  Writing Text with 51 points
11-18 00:39:48 root 928:  Writing Text with 34 points
11-18 00:39:48 root 928:  Writing Text with 32 points
11-18 00:39:48 root 928:  Writing Text with 23 points
11-18 00:39:48 root 928:  Writing Text with 12 points
11-18 00:39:48 root 928:  Writing Text with 12 points
11-18 00:39:48 root 928:  Writing Text with 11 points
11-18 00:39:48 root 928:  Writing Text with 11 points
11-18 00:39:48 root 928:  Writing Text with 11 points
11-18 00:39:48 root 928:  Writing Text with 11 points
11-18 00:39:48 root 928:  Writing Text with 17 points
11-18 00:39:48 root 928:  Writing Text with 21 points
11-18 00:39:48 root 928:  Writing Text with 13 points
11-18 00:39:48 root 928:  Writing Text with 13 points
11-18 00:39:51 root 1198:Font "Schluber" does not natively support style "Regular" using "Path" instead
11-18 00:39:51 unfiltered 871:Found SVG layer: F.SilkS
11-18 00:39:51 root 928:  Writing Text with 24 points
11-18 00:39:51 root 928:  Writing Text with 13 points
11-18 00:39:51 root 928:  Writing Text with 19 points
11-18 00:39:51 root 928:  Writing Text with 29 points
11-18 00:39:51 root 928:  Writing Text with 31 points
11-18 00:39:51 root 928:  Writing Text with 23 points
11-18 00:39:51 root 928:  Writing Text with 26 points
11-18 00:39:51 root 928:  Writing Text with 19 points
11-18 00:39:51 root 928:  Writing Text with 9 points
11-18 00:39:51 root 928:  Writing Text with 16 points
11-18 00:39:51 root 928:  Writing Text with 27 points
11-18 00:39:51 root 928:  Writing Text with 33 points
11-18 00:39:51 root 928:  Writing Text with 27 points
11-18 00:39:51 root 928:  Writing Text with 25 points
11-18 00:39:51 root 928:  Writing Text with 25 points
11-18 00:39:51 root 928:  Writing Text with 5 points
11-18 00:39:51 root 928:  Writing Text with 5 points
11-18 00:39:56 root 1198:Font "Roboto-Thin" does not natively support style "Regular" using "Path" instead
11-18 00:39:56 unfiltered 871:Found SVG layer: F.SilkS
11-18 00:39:56 root 928:  Writing Text with 17 points
11-18 00:39:56 root 928:  Writing Text with 55 points
11-18 00:39:56 root 928:  Writing Text with 55 points
11-18 00:39:56 root 928:  Writing Text with 55 points
11-18 00:39:56 root 928:  Writing Text with 30 points
11-18 00:39:56 root 928:  Writing Text with 13 points
11-18 00:39:56 root 928:  Writing Text with 24 points
11-18 00:39:56 root 928:  Writing Text with 55 points
11-18 00:39:56 root 928:  Writing Text with 55 points
11-18 00:39:56 root 928:  Writing Text with 51 points
11-18 00:39:56 root 928:  Writing Text with 57 points
11-18 00:39:56 root 928:  Writing Text with 47 points
11-18 00:39:56 root 928:  Writing Text with 53 points
11-18 00:39:56 root 928:  Writing Text with 31 points
11-18 00:39:56 root 928:  Writing Text with 19 points
11-18 00:39:56 root 928:  Writing Text with 5 points
11-18 00:39:56 root 928:  Writing Text with 5 points
11-18 00:39:56 root 928:  Writing Text with 5 points
11-18 00:39:56 root 928:  Writing Text with 5 points
11-18 00:40:02 root 1198:Font "Potra" does not natively support style "Regular" using "Path" instead
11-18 00:40:02 unfiltered 871:Found SVG layer: F.SilkS
11-18 00:40:02 root 928:  Writing Text with 133 points
11-18 00:40:02 root 928:  Writing Text with 133 points
11-18 00:40:02 root 928:  Writing Text with 20 points
11-18 00:40:02 root 928:  Writing Text with 71 points
11-18 00:40:02 root 928:  Writing Text with 15 points
11-18 00:40:02 root 928:  Writing Text with 28 points
11-18 00:40:02 root 928:  Writing Text with 48 points
11-18 00:40:02 root 928:  Writing Text with 48 points
11-18 00:40:02 root 928:  Writing Text with 15 points
11-18 00:40:02 root 928:  Writing Text with 32 points
11-18 00:40:02 root 928:  Writing Text with 16 points
11-18 00:40:02 root 928:  Writing Text with 37 points
11-18 00:40:02 root 928:  Writing Text with 37 points
11-18 00:40:02 root 928:  Writing Text with 31 points
11-18 00:40:02 root 928:  Writing Text with 16 points
11-18 00:40:02 root 928:  Writing Text with 19 points
11-18 00:40:02 root 928:  Writing Text with 41 points
11-18 00:40:02 root 928:  Writing Text with 17 points
11-18 00:40:02 root 928:  Writing Text with 17 points
11-18 00:40:02 root 928:  Writing Text with 9 points
11-18 00:40:02 root 928:  Writing Text with 10 points
11-18 00:40:02 root 928:  Writing Text with 44 points
11-18 00:40:02 root 928:  Writing Text with 14 points
11-18 00:40:02 root 928:  Writing Text with 46 points
11-18 00:40:02 root 928:  Writing Text with 47 points
11-18 00:40:02 root 928:  Writing Text with 32 points
11-18 00:40:02 root 928:  Writing Text with 18 points
11-18 00:40:02 root 928:  Writing Text with 18 points
11-18 00:40:02 root 928:  Writing Text with 10 points
11-18 00:40:02 root 928:  Writing Text with 14 points
11-18 00:40:02 root 928:  Writing Text with 15 points
11-18 00:40:02 root 928:  Writing Text with 15 points
11-18 00:40:02 root 928:  Writing Text with 23 points
11-18 00:40:02 root 928:  Writing Text with 12 points
11-18 00:40:02 root 928:  Writing Text with 10 points
11-18 00:40:02 root 928:  Writing Text with 10 points
11-18 00:40:02 root 928:  Writing Text with 18 points
11-18 00:40:02 root 928:  Writing Text with 22 points
11-18 00:40:02 root 928:  Writing Text with 15 points
11-18 00:40:02 root 928:  Writing Text with 15 points
11-18 00:40:02 root 928:  Writing Text with 10 points
11-18 00:40:02 root 928:  Writing Text with 9 points
11-18 00:40:02 root 928:  Writing Text with 7 points
11-18 00:40:02 root 928:  Writing Text with 10 points
11-18 00:40:02 root 928:  Writing Text with 10 points
11-18 00:40:02 root 928:  Writing Text with 11 points
11-18 00:40:02 root 928:  Writing Text with 13 points
11-18 00:40:02 root 928:  Writing Text with 13 points
11-18 00:40:02 root 928:  Writing Text with 13 points
11-18 00:40:02 root 928:  Writing Text with 9 points
11-18 00:40:02 root 928:  Writing Text with 13 points
11-18 00:40:02 root 928:  Writing Text with 7 points
11-18 00:40:02 root 928:  Writing Text with 9 points
11-18 00:40:02 root 928:  Writing Text with 7 points
11-18 00:40:02 root 928:  Writing Text with 9 points
11-18 00:40:02 root 928:  Writing Text with 7 points
11-18 00:40:02 root 928:  Writing Text with 9 points
11-18 00:40:02 root 928:  Writing Text with 10 points
11-18 00:40:02 root 928:  Writing Text with 10 points
11-18 00:40:02 root 928:  Writing Text with 9 points
11-18 00:40:02 root 928:  Writing Text with 9 points
11-18 00:40:02 root 928:  Writing Text with 11 points
11-18 00:40:02 root 928:  Writing Text with 10 points
11-18 00:40:02 root 928:  Writing Text with 9 points
11-18 00:40:02 root 928:  Writing Text with 12 points
11-18 00:40:02 root 928:  Writing Text with 12 points
11-18 00:40:02 root 928:  Writing Text with 10 points
11-18 00:40:02 root 928:  Writing Text with 11 points
11-18 00:40:02 root 928:  Writing Text with 9 points
11-18 00:40:02 root 928:  Writing Text with 10 points
11-18 00:40:02 root 928:  Writing Text with 10 points
11-18 00:40:02 root 928:  Writing Text with 8 points
11-18 00:40:02 root 928:  Writing Text with 9 points
11-18 00:40:02 root 928:  Writing Text with 9 points
11-18 00:40:02 root 928:  Writing Text with 8 points
11-18 00:40:02 root 928:  Writing Text with 9 points
11-18 00:40:02 root 928:  Writing Text with 8 points
11-18 00:40:02 root 928:  Writing Text with 9 points
11-18 00:40:05 root 1198:Font "Oliciy" does not natively support style "Regular" using "Path" instead
11-18 00:40:05 unfiltered 871:Found SVG layer: F.SilkS
11-18 00:40:05 root 928:  Writing Text with 13 points
11-18 00:40:05 root 928:  Writing Text with 48 points
11-18 00:40:05 root 928:  Writing Text with 47 points
11-18 00:40:05 root 928:  Writing Text with 48 points
11-18 00:40:05 root 928:  Writing Text with 34 points
11-18 00:40:05 root 928:  Writing Text with 13 points
11-18 00:40:05 root 928:  Writing Text with 25 points
11-18 00:40:05 root 928:  Writing Text with 49 points
11-18 00:40:05 root 928:  Writing Text with 35 points
11-18 00:40:05 root 928:  Writing Text with 45 points
11-18 00:40:05 root 928:  Writing Text with 45 points
11-18 00:40:05 root 928:  Writing Text with 42 points
11-18 00:40:05 root 928:  Writing Text with 37 points
11-18 00:40:05 root 928:  Writing Text with 42 points
11-18 00:40:05 root 928:  Writing Text with 16 points
11-18 00:40:05 root 928:  Writing Text with 7 points
11-18 00:40:05 root 928:  Writing Text with 7 points
11-18 00:40:05 root 928:  Writing Text with 9 points
11-18 00:40:05 root 928:  Writing Text with 9 points
11-18 00:40:08 root 1198:Font "Nilland-Black" does not natively support style "Regular" using "Path" instead
11-18 00:40:08 unfiltered 871:Found SVG layer: F.SilkS
11-18 00:40:08 root 928:  Writing Text with 24 points
11-18 00:40:08 root 928:  Writing Text with 46 points
11-18 00:40:08 root 928:  Writing Text with 46 points
11-18 00:40:08 root 928:  Writing Text with 46 points
11-18 00:40:08 root 928:  Writing Text with 19 points
11-18 00:40:08 root 928:  Writing Text with 30 points
11-18 00:40:08 root 928:  Writing Text with 29 points
11-18 00:40:08 root 928:  Writing Text with 43 points
11-18 00:40:08 root 928:  Writing Text with 43 points
11-18 00:40:08 root 928:  Writing Text with 43 points
11-18 00:40:08 root 928:  Writing Text with 41 points
11-18 00:40:08 root 928:  Writing Text with 52 points
11-18 00:40:08 root 928:  Writing Text with 21 points
11-18 00:40:08 root 928:  Writing Text with 53 points
11-18 00:40:08 root 928:  Writing Text with 22 points
11-18 00:40:08 root 928:  Writing Text with 10 points
11-18 00:40:08 root 928:  Writing Text with 10 points
11-18 00:40:08 root 928:  Writing Text with 9 points
11-18 00:40:08 root 928:  Writing Text with 9 points
11-18 00:40:10 unfiltered 871:Found SVG layer: F.SilkS
11-18 00:40:10 root 928:  Writing Text with 24 points
11-18 00:40:10 root 928:  Writing Text with 46 points
11-18 00:40:10 root 928:  Writing Text with 46 points
11-18 00:40:10 root 928:  Writing Text with 46 points
11-18 00:40:10 root 928:  Writing Text with 19 points
11-18 00:40:10 root 928:  Writing Text with 30 points
11-18 00:40:10 root 928:  Writing Text with 29 points
11-18 00:40:10 root 928:  Writing Text with 43 points
11-18 00:40:10 root 928:  Writing Text with 43 points
11-18 00:40:10 root 928:  Writing Text with 43 points
11-18 00:40:10 root 928:  Writing Text with 41 points
11-18 00:40:10 root 928:  Writing Text with 52 points
11-18 00:40:10 root 928:  Writing Text with 21 points
11-18 00:40:10 root 928:  Writing Text with 53 points
11-18 00:40:10 root 928:  Writing Text with 22 points
11-18 00:40:10 root 928:  Writing Text with 10 points
11-18 00:40:10 root 928:  Writing Text with 10 points
11-18 00:40:10 root 928:  Writing Text with 9 points
11-18 00:40:10 root 928:  Writing Text with 9 points
